d:\op\backup windows150\6dofpcm\6dofpcm\6dofpcm\debug\vc142.pdb
d:\op\backup windows150\6dofpcm\6dofpcm\6dofpcm\debug\vc142.idb
d:\op\backup windows150\6dofpcm\6dofpcm\6dofpcm\debug\viewtree.obj
d:\op\backup windows150\6dofpcm\6dofpcm\6dofpcm\debug\outputwnd.obj
d:\op\backup windows150\6dofpcm\6dofpcm\6dofpcm\debug\gdipbutton.obj
d:\op\backup windows150\6dofpcm\6dofpcm\6dofpcm\debug\6dofpcm.pch
d:\op\backup windows150\6dofpcm\6dofpcm\6dofpcm\debug\stdafx.obj
d:\op\backup windows150\6dofpcm\6dofpcm\6dofpcm\debug\scheduledlg.obj
d:\op\backup windows150\6dofpcm\6dofpcm\6dofpcm\debug\registrationdlg.obj
d:\op\backup windows150\6dofpcm\6dofpcm\6dofpcm\debug\6dofpcmview.obj
d:\op\backup windows150\6dofpcm\6dofpcm\6dofpcm\debug\6dofpcmdoc.obj
d:\op\backup windows150\6dofpcm\6dofpcm\6dofpcm\debug\6dofpcm.obj
d:\op\backup windows150\6dofpcm\6dofpcm\6dofpcm\debug\propertieswnd.obj
d:\op\backup windows150\6dofpcm\6dofpcm\6dofpcm\debug\mainfrm.obj
d:\op\backup windows150\6dofpcm\6dofpcm\6dofpcm\debug\logindlg.obj
d:\op\backup windows150\6dofpcm\6dofpcm\6dofpcm\debug\la01dlg.obj
d:\op\backup windows150\6dofpcm\6dofpcm\6dofpcm\debug\fileview.obj
d:\op\backup windows150\6dofpcm\6dofpcm\6dofpcm\debug\eet03dlg.obj
d:\op\backup windows150\6dofpcm\6dofpcm\6dofpcm\debug\eet02dlg.obj
d:\op\backup windows150\6dofpcm\6dofpcm\6dofpcm\debug\classview.obj
d:\op\backup windows150\6dofpcm\6dofpcm\6dofpcm\debug\6dofpcm.ilk
d:\op\backup windows150\6dofpcm\6dofpcm\debug\6dofpcm.exe
d:\op\backup windows150\6dofpcm\6dofpcm\debug\6dofpcm.pdb
d:\op\backup windows150\6dofpcm\6dofpcm\6dofpcm\debug\6dofpcm.res
d:\op\backup windows150\6dofpcm\6dofpcm\6dofpcm\debug\6dofpcm.tlog\cl.command.1.tlog
d:\op\backup windows150\6dofpcm\6dofpcm\6dofpcm\debug\6dofpcm.tlog\cl.read.1.tlog
d:\op\backup windows150\6dofpcm\6dofpcm\6dofpcm\debug\6dofpcm.tlog\cl.write.1.tlog
d:\op\backup windows150\6dofpcm\6dofpcm\6dofpcm\debug\6dofpcm.tlog\link.command.1.tlog
d:\op\backup windows150\6dofpcm\6dofpcm\6dofpcm\debug\6dofpcm.tlog\link.read.1.tlog
d:\op\backup windows150\6dofpcm\6dofpcm\6dofpcm\debug\6dofpcm.tlog\link.write.1.tlog
d:\op\backup windows150\6dofpcm\6dofpcm\6dofpcm\debug\6dofpcm.tlog\rc.command.1.tlog
d:\op\backup windows150\6dofpcm\6dofpcm\6dofpcm\debug\6dofpcm.tlog\rc.read.1.tlog
d:\op\backup windows150\6dofpcm\6dofpcm\6dofpcm\debug\6dofpcm.tlog\rc.write.1.tlog
